console.log("hello");<br />
console.log("dhfhskjfhsdjk");<br />
console.log('new code alert! :)');<br />
console.log('new code alert! :)');<br />
console.log('new code alert! :)');<br />
console.log("Ido HAber");<br />
console.log("Oded Hey!");<br />
<br />
var oded = {<br />
  thing: "ues";<br />
}<br />
<br />
console.log("SnapDock FTW!!!!!!");<br />
<br />
console.log("SnapDocs!!! For everone :) ");<br />
<br />
console.log("Litran Vaknin the King ");<br />
<br />
console.log("yayaya");<br />
console.log("this stuff");<br />
console.log("this today");<br />
<hr>/*<br />
17	+	console.log("Litran Vaknin the King ");	02-09-2016 04:38:29<br />
18	+		02-09-2016 04:38:29<br />
*/