console.log("hello");<br />
console.log("dhfhskjfhsdjk");<br />
console.log('new code alert! :)');<br />
console.log("yayaya");<br />
<hr>/*<br />
4	+	console.log("yayaya");	02-09-2016 00:48:18<br />
*/console.log("hello");<br />
console.log("dhfhskjfhsdjk");<br />
console.log('new code alert! :)');<br />
console.log("yayaya");<br />
console.log("this stuff");<br />
<hr>/*<br />
5	+	console.log("this stuff");	02-09-2016 00:51:33<br />
*/console.log("hello");<br />
console.log("dhfhskjfhsdjk");<br />
console.log('new code alert! :)');<br />
console.log("yayaya");<br />
console.log("this stuff");<br />
console.log("this today");<br />
<hr>/*<br />
6	+	console.log("this today");	02-09-2016 00:51:41<br />
*/console.log("hello");<br />
console.log("dhfhskjfhsdjk");<br />
console.log('new code alert! :)');<br />
console.log('new code alert! :)');<br />
console.log('new code alert! :)');<br />
console.log("yayaya");<br />
console.log("this stuff");<br />
console.log("this today");<br />
<hr>/*<br />
4	+	console.log('new code alert! :)');	02-09-2016 03:11:08<br />
5	+	console.log('new code alert! :)');	02-09-2016 03:11:08<br />
*/console.log("hello");<br />
console.log("dhfhskjfhsdjk");<br />
console.log('new code alert! :)');<br />
console.log('new code alert! :)');<br />
console.log('new code alert! :)');<br />
console.log("Ido HAber");<br />
console.log("yayaya");<br />
console.log("this stuff");<br />
console.log("this today");<br />
<hr>/*<br />
6	+	console.log("Ido HAber");	02-09-2016 03:17:43<br />
*/console.log("hello");<br />
console.log("dhfhskjfhsdjk");<br />
console.log('new code alert! :)');<br />
console.log('new code alert! :)');<br />
console.log('new code alert! :)');<br />
console.log("Ido HAber");<br />
console.log("Oded Hey!");<br />
console.log("yayaya");<br />
console.log("this stuff");<br />
console.log("this today");<br />
<hr>/*<br />
7	+	console.log("Oded Hey!");	02-09-2016 04:02:52<br />
*/console.log("hello");<br />
console.log("dhfhskjfhsdjk");<br />
console.log('new code alert! :)');<br />
console.log('new code alert! :)');<br />
console.log('new code alert! :)');<br />
console.log("Ido HAber");<br />
console.log("Oded Hey!");<br />
<br />
var oded = {<br />
  thing: "ues";<br />
}<br />
<br />
console.log("yayaya");<br />
console.log("this stuff");<br />
console.log("this today");<br />
<hr>/*<br />
8	+		02-09-2016 04:05:35<br />
9	+	var oded = {	02-09-2016 04:05:35<br />
10	+	  thing: "ues";	02-09-2016 04:05:35<br />
11	+	}	02-09-2016 04:05:35<br />
12	+		02-09-2016 04:05:35<br />
*/console.log("hello");<br />
console.log("dhfhskjfhsdjk");<br />
console.log('new code alert! :)');<br />
console.log('new code alert! :)');<br />
console.log('new code alert! :)');<br />
console.log("Ido HAber");<br />
console.log("Oded Hey!");<br />
<br />
var oded = {<br />
  thing: "ues";<br />
}<br />
<br />
console.log("SnapDock FTW!!!!!!");<br />
<br />
console.log("yayaya");<br />
console.log("this stuff");<br />
console.log("this today");<br />
<hr>/*<br />
13	+	console.log("SnapDock FTW!!!!!!");	02-09-2016 04:11:29<br />
14	+		02-09-2016 04:11:29<br />
*/console.log("hello");<br />
console.log("dhfhskjfhsdjk");<br />
console.log('new code alert! :)');<br />
console.log('new code alert! :)');<br />
console.log('new code alert! :)');<br />
console.log("Ido HAber");<br />
console.log("Oded Hey!");<br />
<br />
var oded = {<br />
  thing: "ues";<br />
}<br />
<br />
console.log("SnapDock FTW!!!!!!");<br />
<br />
console.log("SnapDocs!!! For everone :) ");<br />
<br />
console.log("yayaya");<br />
console.log("this stuff");<br />
console.log("this today");<br />
<hr>/*<br />
15	+	console.log("SnapDocs!!! For everone :) ");	02-09-2016 04:35:10<br />
16	+		02-09-2016 04:35:10<br />
*/console.log("hello");<br />
console.log("dhfhskjfhsdjk");<br />
console.log('new code alert! :)');<br />
console.log('new code alert! :)');<br />
console.log('new code alert! :)');<br />
console.log("Ido HAber");<br />
console.log("Oded Hey!");<br />
<br />
var oded = {<br />
  thing: "ues";<br />
}<br />
<br />
console.log("SnapDock FTW!!!!!!");<br />
<br />
console.log("SnapDocs!!! For everone :) ");<br />
<br />
console.log("Litran Vaknin the King ");<br />
<br />
console.log("yayaya");<br />
console.log("this stuff");<br />
console.log("this today");<br />
<hr>/*<br />
17	+	console.log("Litran Vaknin the King ");	02-09-2016 04:38:29<br />
18	+		02-09-2016 04:38:29<br />
*/